May 03, 2017 4:47:04 AM org.apache.catalina.core.ApplicationContext log
INFO: ContextListener: contextInitialized()
May 03, 2017 4:47:04 AM org.apache.catalina.core.ApplicationContext log
INFO: SessionListener: contextInitialized()
May 03, 2017 4:47:04 AM org.apache.catalina.core.ApplicationContext log
INFO: ContextListener: attributeAdded('org.apache.jasper.compiler.TldLocationsCache', 'org.apache.jasper.compiler.TldLocationsCache@691638bc')
May 03, 2017 4:52:47 AM org.apache.catalina.core.ApplicationContext log
INFO: SessionListener: contextDestroyed()
May 03, 2017 4:52:47 AM org.apache.catalina.core.ApplicationContext log
INFO: ContextListener: contextDestroyed()
May 03, 2017 4:53:08 AM org.apache.catalina.core.ApplicationContext log
INFO: ContextListener: contextInitialized()
May 03, 2017 4:53:08 AM org.apache.catalina.core.ApplicationContext log
INFO: SessionListener: contextInitialized()
May 03, 2017 4:53:08 AM org.apache.catalina.core.ApplicationContext log
INFO: ContextListener: attributeAdded('org.apache.jasper.compiler.TldLocationsCache', 'org.apache.jasper.compiler.TldLocationsCache@25aabb37')
May 03, 2017 6:00:31 AM org.apache.catalina.core.ApplicationContext log
INFO: ContextListener: contextInitialized()
May 03, 2017 6:00:31 AM org.apache.catalina.core.ApplicationContext log
INFO: SessionListener: contextInitialized()
May 03, 2017 6:00:31 AM org.apache.catalina.core.ApplicationContext log
INFO: ContextListener: attributeAdded('org.apache.jasper.compiler.TldLocationsCache', 'org.apache.jasper.compiler.TldLocationsCache@69705945')
May 03, 2017 6:00:31 AM org.apache.catalina.core.ApplicationContext log
INFO: SessionListener: contextDestroyed()
May 03, 2017 6:00:31 AM org.apache.catalina.core.ApplicationContext log
INFO: ContextListener: contextDestroyed()
May 03, 2017 6:10:20 AM org.apache.catalina.core.ApplicationContext log
INFO: SessionListener: contextDestroyed()
May 03, 2017 6:10:20 AM org.apache.catalina.core.ApplicationContext log
INFO: ContextListener: contextDestroyed()
